TN:
SF:/home/splidge/Github/athena-contracts/flattened/AccessControlDelayed.echidna.sol
DA:1,0
DA:6,17
DA:7,0
DA:8,0
DA:9,0
DA:13,163
DA:14,0
DA:15,1
DA:17,8
DA:18,43
DA:19,12
DA:23,0
DA:24,0
DA:25,0
DA:29,0
DA:30,0
DA:34,0
DA:35,0
DA:36,0
DA:37,0
DA:41,22
DA:42,53
end_of_record

SF:/home/splidge/Github/athena-contracts/flattened/AccessControlDelayed.sol
DA:125,8
DA:126,6
DA:191,0
DA:192,0
DA:253,5
DA:260,20
DA:267,0
DA:268,0
DA:274,48
DA:275,90
DA:282,1
DA:283,8
DA:290,1
DA:291,8
DA:292,24
DA:302,6
DA:303,19
DA:318,0
DA:319,0
DA:333,23
DA:334,0
DA:353,23
DA:354,13
DA:355,15
DA:358,7
DA:379,8
DA:380,12
DA:381,53
DA:382,24
DA:383,5
DA:385,0
DA:396,8
DA:397,10
DA:398,0
DA:399,0
DA:400,0
DA:402,3
DA:415,0
DA:472,25
DA:473,26
DA:474,26
DA:476,0
DA:478,1
DA:479,6
DA:482,25
DA:483,13
DA:484,45
DA:488,18
DA:489,34
DA:491,19
DA:492,15
DA:495,0
DA:496,0
DA:499,0
DA:500,0
DA:503,18
DA:506,2
DA:507,0
DA:508,0
DA:512,20
DA:513,0
DA:516,0
DA:517,0
DA:518,0
DA:521,0
DA:522,0
DA:523,0
DA:526,0
DA:530,41
DA:531,47
DA:550,20
DA:553,0
DA:554,0
DA:557,0
DA:560,0
DA:561,0
DA:564,0
DA:566,0
DA:569,0
DA:570,0
DA:577,0
DA:578,0
DA:581,0
DA:582,0
DA:585,0
DA:586,0
DA:587,0
DA:589,0
DA:596,20
DA:597,0
DA:598,0
DA:600,0
end_of_record

